<?xml version="1.0" encoding="UTF-8"?>
<!-- Generated by org.testng.reporters.JUnitReportReporter -->
<testsuite hostname="LAPTOP-BB9F7VSV" failures="0" tests="3" name="com.qa.testcases.TC_LoginTest_003" time="3.670" errors="0" timestamp="2024-01-29T16:34:13 IST" skipped="0">
  <testcase classname="com.qa.testcases.TC_LoginTest_003" name="test1" time="2.051"/>
  <system-out/>
  <testcase classname="com.qa.testcases.TC_LoginTest_003" name="test2" time="1.571"/>
  <system-out/>
  <testcase classname="com.qa.testcases.TC_LoginTest_003" name="test3" time="0.048"/>
  <system-out/>
</testsuite> <!-- com.qa.testcases.TC_LoginTest_003 -->
