<?xml version="1.0" encoding="UTF-8"?>
<!-- Generated by org.testng.reporters.JUnitReportReporter -->
<testsuite hostname="LAPTOP-BB9F7VSV" failures="0" tests="3" name="com.qa.testcases.TC_ValidateNavLinks_005" time="2.351" errors="0" timestamp="2024-01-29T18:28:38 IST" skipped="0">
  <testcase classname="com.qa.testcases.TC_ValidateNavLinks_005" name="test1" time="2.099"/>
  <system-out/>
  <testcase classname="com.qa.testcases.TC_ValidateNavLinks_005" name="test2" time="0.222"/>
  <system-out/>
  <testcase classname="com.qa.testcases.TC_ValidateNavLinks_005" name="test3" time="0.030"/>
  <system-out/>
</testsuite> <!-- com.qa.testcases.TC_ValidateNavLinks_005 -->
