<?xml version="1.0" encoding="UTF-8"?>
<!-- Generated by org.testng.reporters.JUnitReportReporter -->
<testsuite hostname="LAPTOP-BB9F7VSV" failures="0" tests="1" name="com.qa.testcases.TC_LinkTest_001" time="1.994" errors="0" timestamp="2024-01-29T14:52:29 IST" skipped="0">
  <testcase classname="com.qa.testcases.TC_LinkTest_001" name="linkTest" time="1.994"/>
  <system-out/>
</testsuite> <!-- com.qa.testcases.TC_LinkTest_001 -->
