<?xml version="1.0" encoding="UTF-8"?>
<!-- Generated by org.testng.reporters.JUnitReportReporter -->
<testsuite hostname="LAPTOP-BB9F7VSV" failures="0" tests="1" name="com.qa.testcases.LoginPageTestCases" time="11.135" errors="0" timestamp="2024-03-11T20:30:35 IST" skipped="0">
  <testcase classname="com.qa.testcases.LoginPageTestCases" name="testCase_012" time="11.135"/>
  <system-out/>
</testsuite> <!-- com.qa.testcases.LoginPageTestCases -->
